<?xml version="1.0" encoding="UTF-8"?>
<testsuite xmlns:xsi="http://www.w3.org/2001/XMLSchema-instance" xsi:noNamespaceSchemaLocation="https://maven.apache.org/surefire/maven-surefire-plugin/xsd/surefire-test-report.xsd" name="io.github.yuricaprini.AppTest" time="0.05" tests="1" errors="0" skipped="0" failures="0">
  <properties>
    <property name="java.specification.version" value="18"/>
    <property name="sun.jnu.encoding" value="UTF-8"/>
    <property name="java.class.path" value="/Users/yuricaprini/Desktop/Projects/RCL/wordle/wordleprotocol/target/test-classes:/Users/yuricaprini/Desktop/Projects/RCL/wordle/wordleprotocol/target/classes:/Users/yuricaprini/.m2/repository/com/google/code/gson/gson/2.9.0/gson-2.9.0.jar:/Users/yuricaprini/.m2/repository/com/auth0/java-jwt/4.1.0/java-jwt-4.1.0.jar:/Users/yuricaprini/.m2/repository/com/fasterxml/jackson/core/jackson-databind/2.13.2.2/jackson-databind-2.13.2.2.jar:/Users/yuricaprini/.m2/repository/com/fasterxml/jackson/core/jackson-annotations/2.13.2/jackson-annotations-2.13.2.jar:/Users/yuricaprini/.m2/repository/com/fasterxml/jackson/core/jackson-core/2.13.2/jackson-core-2.13.2.jar:/Users/yuricaprini/.m2/repository/org/junit/jupiter/junit-jupiter/5.10.0-M1/junit-jupiter-5.10.0-M1.jar:/Users/yuricaprini/.m2/repository/org/junit/jupiter/junit-jupiter-api/5.10.0-M1/junit-jupiter-api-5.10.0-M1.jar:/Users/yuricaprini/.m2/repository/org/opentest4j/opentest4j/1.2.0/opentest4j-1.2.0.jar:/Users/yuricaprini/.m2/repository/org/junit/platform/junit-platform-commons/1.10.0-M1/junit-platform-commons-1.10.0-M1.jar:/Users/yuricaprini/.m2/repository/org/apiguardian/apiguardian-api/1.1.2/apiguardian-api-1.1.2.jar:/Users/yuricaprini/.m2/repository/org/junit/jupiter/junit-jupiter-params/5.10.0-M1/junit-jupiter-params-5.10.0-M1.jar:/Users/yuricaprini/.m2/repository/org/junit/jupiter/junit-jupiter-engine/5.10.0-M1/junit-jupiter-engine-5.10.0-M1.jar:/Users/yuricaprini/.m2/repository/org/junit/platform/junit-platform-engine/1.10.0-M1/junit-platform-engine-1.10.0-M1.jar:/Users/yuricaprini/.m2/repository/org/mockito/mockito-core/4.6.1/mockito-core-4.6.1.jar:/Users/yuricaprini/.m2/repository/net/bytebuddy/byte-buddy/1.12.10/byte-buddy-1.12.10.jar:/Users/yuricaprini/.m2/repository/net/bytebuddy/byte-buddy-agent/1.12.10/byte-buddy-agent-1.12.10.jar:/Users/yuricaprini/.m2/repository/org/objenesis/objenesis/3.2/objenesis-3.2.jar:"/>
    <property name="java.vm.vendor" value="Homebrew"/>
    <property name="sun.arch.data.model" value="64"/>
    <property name="java.vendor.url" value="https://github.com/Homebrew/homebrew-core/issues"/>
    <property name="os.name" value="Mac OS X"/>
    <property name="java.vm.specification.version" value="18"/>
    <property name="sun.java.launcher" value="SUN_STANDARD"/>
    <property name="user.country" value="GB"/>
    <property name="sun.boot.library.path" value="/usr/local/Cellar/openjdk/18/libexec/openjdk.jdk/Contents/Home/lib"/>
    <property name="sun.java.command" value="/Users/yuricaprini/Desktop/Projects/RCL/wordle/wordleprotocol/target/surefire/surefirebooter8497800536923655845.jar /Users/yuricaprini/Desktop/Projects/RCL/wordle/wordleprotocol/target/surefire 2023-05-29T12-03-16_913-jvmRun1 surefire18163367753064177433tmp surefire_05859236968094754003tmp"/>
    <property name="http.nonProxyHosts" value="local|*.local|169.254/16|*.169.254/16"/>
    <property name="jdk.debug" value="release"/>
    <property name="surefire.test.class.path" value="/Users/yuricaprini/Desktop/Projects/RCL/wordle/wordleprotocol/target/test-classes:/Users/yuricaprini/Desktop/Projects/RCL/wordle/wordleprotocol/target/classes:/Users/yuricaprini/.m2/repository/com/google/code/gson/gson/2.9.0/gson-2.9.0.jar:/Users/yuricaprini/.m2/repository/com/auth0/java-jwt/4.1.0/java-jwt-4.1.0.jar:/Users/yuricaprini/.m2/repository/com/fasterxml/jackson/core/jackson-databind/2.13.2.2/jackson-databind-2.13.2.2.jar:/Users/yuricaprini/.m2/repository/com/fasterxml/jackson/core/jackson-annotations/2.13.2/jackson-annotations-2.13.2.jar:/Users/yuricaprini/.m2/repository/com/fasterxml/jackson/core/jackson-core/2.13.2/jackson-core-2.13.2.jar:/Users/yuricaprini/.m2/repository/org/junit/jupiter/junit-jupiter/5.10.0-M1/junit-jupiter-5.10.0-M1.jar:/Users/yuricaprini/.m2/repository/org/junit/jupiter/junit-jupiter-api/5.10.0-M1/junit-jupiter-api-5.10.0-M1.jar:/Users/yuricaprini/.m2/repository/org/opentest4j/opentest4j/1.2.0/opentest4j-1.2.0.jar:/Users/yuricaprini/.m2/repository/org/junit/platform/junit-platform-commons/1.10.0-M1/junit-platform-commons-1.10.0-M1.jar:/Users/yuricaprini/.m2/repository/org/apiguardian/apiguardian-api/1.1.2/apiguardian-api-1.1.2.jar:/Users/yuricaprini/.m2/repository/org/junit/jupiter/junit-jupiter-params/5.10.0-M1/junit-jupiter-params-5.10.0-M1.jar:/Users/yuricaprini/.m2/repository/org/junit/jupiter/junit-jupiter-engine/5.10.0-M1/junit-jupiter-engine-5.10.0-M1.jar:/Users/yuricaprini/.m2/repository/org/junit/platform/junit-platform-engine/1.10.0-M1/junit-platform-engine-1.10.0-M1.jar:/Users/yuricaprini/.m2/repository/org/mockito/mockito-core/4.6.1/mockito-core-4.6.1.jar:/Users/yuricaprini/.m2/repository/net/bytebuddy/byte-buddy/1.12.10/byte-buddy-1.12.10.jar:/Users/yuricaprini/.m2/repository/net/bytebuddy/byte-buddy-agent/1.12.10/byte-buddy-agent-1.12.10.jar:/Users/yuricaprini/.m2/repository/org/objenesis/objenesis/3.2/objenesis-3.2.jar:"/>
    <property name="sun.cpu.endian" value="little"/>
    <property name="user.home" value="/Users/yuricaprini"/>
    <property name="user.language" value="en"/>
    <property name="java.specification.vendor" value="Oracle Corporation"/>
    <property name="java.version.date" value="2022-03-22"/>
    <property name="java.home" value="/usr/local/Cellar/openjdk/18/libexec/openjdk.jdk/Contents/Home"/>
    <property name="file.separator" value="/"/>
    <property name="basedir" value="/Users/yuricaprini/Desktop/Projects/RCL/wordle/wordleprotocol"/>
    <property name="java.vm.compressedOopsMode" value="Zero based"/>
    <property name="line.separator" value="&#10;"/>
    <property name="java.vm.specification.vendor" value="Oracle Corporation"/>
    <property name="java.specification.name" value="Java Platform API Specification"/>
    <property name="apple.awt.application.name" value="ForkedBooter"/>
    <property name="surefire.real.class.path" value="/Users/yuricaprini/Desktop/Projects/RCL/wordle/wordleprotocol/target/surefire/surefirebooter8497800536923655845.jar"/>
    <property name="sun.management.compiler" value="HotSpot 64-Bit Tiered Compilers"/>
    <property name="ftp.nonProxyHosts" value="local|*.local|169.254/16|*.169.254/16"/>
    <property name="java.runtime.version" value="18+0"/>
    <property name="user.name" value="yuricaprini"/>
    <property name="path.separator" value=":"/>
    <property name="os.version" value="12.6.3"/>
    <property name="java.runtime.name" value="OpenJDK Runtime Environment"/>
    <property name="file.encoding" value="UTF-8"/>
    <property name="java.vm.name" value="OpenJDK 64-Bit Server VM"/>
    <property name="java.vendor.version" value="Homebrew"/>
    <property name="localRepository" value="/Users/yuricaprini/.m2/repository"/>
    <property name="java.vendor.url.bug" value="https://github.com/Homebrew/homebrew-core/issues"/>
    <property name="java.io.tmpdir" value="/var/folders/bm/b2x4gg210gv5x6w71kvfh2ww0000gn/T/"/>
    <property name="java.version" value="18"/>
    <property name="user.dir" value="/Users/yuricaprini/Desktop/Projects/RCL/wordle/wordleprotocol"/>
    <property name="os.arch" value="x86_64"/>
    <property name="java.vm.specification.name" value="Java Virtual Machine Specification"/>
    <property name="native.encoding" value="UTF-8"/>
    <property name="java.library.path" value="/Users/yuricaprini/Library/Java/Extensions:/Library/Java/Extensions:/Network/Library/Java/Extensions:/System/Library/Java/Extensions:/usr/lib/java:."/>
    <property name="java.vm.info" value="mixed mode, sharing"/>
    <property name="java.vendor" value="Homebrew"/>
    <property name="java.vm.version" value="18+0"/>
    <property name="sun.io.unicode.encoding" value="UnicodeBig"/>
    <property name="socksNonProxyHosts" value="local|*.local|169.254/16|*.169.254/16"/>
    <property name="java.class.version" value="62.0"/>
  </properties>
  <testcase name="shouldAnswerWithTrue" classname="io.github.yuricaprini.AppTest" time="0.023"/>
</testsuite>